<?xml version="1.0" encoding="UTF-8"?>
<coverage generated="1723724420190" clover="3.2.0">
  <project timestamp="1723724420191" name="All files">
    <metrics statements="44" coveredstatements="39" conditionals="7" coveredconditionals="6" methods="11" coveredmethods="5" elements="62" coveredelements="50" complexity="0" loc="44" ncloc="44" packages="4" files="4" classes="4"/>
    <package name="apps.app.desktop-node.src.core.common">
      <metrics statements="9" coveredstatements="5" conditionals="0" coveredconditionals="0" methods="5" coveredmethods="2"/>
      <file name="common.ts" path="C:\Users\suey\Desktop\rapid\apps\app\desktop-node\src\core\common\common.ts">
        <metrics statements="9" coveredstatements="5" conditionals="0" coveredconditionals="0" methods="5" coveredmethods="2"/>
        <line num="5" count="1" type="stmt"/>
        <line num="6" count="0" type="stmt"/>
        <line num="7" count="0" type="stmt"/>
        <line num="14" count="1" type="stmt"/>
        <line num="15" count="0" type="stmt"/>
        <line num="16" count="0" type="stmt"/>
        <line num="23" count="1" type="stmt"/>
        <line num="31" count="60" type="stmt"/>
        <line num="39" count="30" type="stmt"/>
      </file>
    </package>
    <package name="apps.app.desktop-node.src.core.request">
      <metrics statements="5" coveredstatements="5" conditionals="0" coveredconditionals="0" methods="0" coveredmethods="0"/>
      <file name="index.ts" path="C:\Users\suey\Desktop\rapid\apps\app\desktop-node\src\core\request\index.ts">
        <metrics statements="5" coveredstatements="5" conditionals="0" coveredconditionals="0" methods="0" coveredmethods="0"/>
        <line num="6" count="1" type="stmt"/>
        <line num="7" count="1" type="stmt"/>
        <line num="9" count="1" type="stmt"/>
        <line num="13" count="1" type="stmt"/>
        <line num="15" count="1" type="stmt"/>
      </file>
    </package>
    <package name="packages.config.constants">
      <metrics statements="16" coveredstatements="16" conditionals="2" coveredconditionals="2" methods="4" coveredmethods="1"/>
      <file name="index.ts" path="C:\Users\suey\Desktop\rapid\packages\config\constants\index.ts">
        <metrics statements="16" coveredstatements="16" conditionals="2" coveredconditionals="2" methods="4" coveredmethods="1"/>
        <line num="6" count="1" type="stmt"/>
        <line num="9" count="1" type="stmt"/>
        <line num="11" count="1" type="stmt"/>
        <line num="15" count="1" type="stmt"/>
        <line num="17" count="1" type="stmt"/>
        <line num="20" count="1" type="stmt"/>
        <line num="21" count="1" type="stmt"/>
        <line num="22" count="1" type="stmt"/>
        <line num="24" count="1" type="stmt"/>
        <line num="27" count="1" type="stmt"/>
        <line num="28" count="1" type="stmt"/>
        <line num="31" count="1" type="stmt"/>
        <line num="50" count="1" type="cond" truecount="2" falsecount="0"/>
        <line num="51" count="1" type="stmt"/>
        <line num="52" count="1" type="stmt"/>
        <line num="53" count="1" type="stmt"/>
      </file>
    </package>
    <package name="packages.libs-web.common">
      <metrics statements="14" coveredstatements="13" conditionals="5" coveredconditionals="4" methods="2" coveredmethods="2"/>
      <file name="common.ts" path="C:\Users\suey\Desktop\rapid\packages\libs-web\common\common.ts">
        <metrics statements="14" coveredstatements="13" conditionals="5" coveredconditionals="4" methods="2" coveredmethods="2"/>
        <line num="22" count="1" type="stmt"/>
        <line num="23" count="10" type="stmt"/>
        <line num="25" count="10" type="stmt"/>
        <line num="26" count="28" type="cond" truecount="1" falsecount="0"/>
        <line num="27" count="23" type="cond" truecount="1" falsecount="0"/>
        <line num="28" count="20" type="stmt"/>
        <line num="29" count="20" type="stmt"/>
        <line num="31" count="3" type="cond" truecount="1" falsecount="0"/>
        <line num="32" count="2" type="stmt"/>
        <line num="34" count="1" type="cond" truecount="0" falsecount="1"/>
        <line num="35" count="0" type="stmt"/>
        <line num="38" count="1" type="stmt"/>
        <line num="39" count="2" type="cond" truecount="1" falsecount="0"/>
        <line num="43" count="10" type="stmt"/>
      </file>
    </package>
  </project>
</coverage>
