{"C:\\Users\\suey\\Desktop\\rapid\\apps\\app\\desktop-node\\src\\core\\common\\common.ts": {"path":"C:\\Users\\suey\\Desktop\\rapid\\apps\\app\\desktop-node\\src\\core\\common\\common.ts","statementMap":{"0":{"start":{"line":5,"column":26},"end":{"line":8,"column":1}},"1":{"start":{"line":6,"column":15},"end":{"line":6,"column":25}},"2":{"start":{"line":7,"column":2},"end":{"line":7,"column":69}},"3":{"start":{"line":5,"column":13},"end":{"line":5,"column":26}},"4":{"start":{"line":14,"column":26},"end":{"line":17,"column":1}},"5":{"start":{"line":15,"column":15},"end":{"line":15,"column":25}},"6":{"start":{"line":16,"column":2},"end":{"line":16,"column":72}},"7":{"start":{"line":14,"column":13},"end":{"line":14,"column":26}},"8":{"start":{"line":23,"column":30},"end":{"line":23,"column":69}},"9":{"start":{"line":23,"column":36},"end":{"line":23,"column":69}},"10":{"start":{"line":23,"column":13},"end":{"line":23,"column":30}},"11":{"start":{"line":31,"column":28},"end":{"line":31,"column":93}},"12":{"start":{"line":31,"column":59},"end":{"line":31,"column":92}},"13":{"start":{"line":31,"column":13},"end":{"line":31,"column":28}},"14":{"start":{"line":39,"column":34},"end":{"line":39,"column":110}},"15":{"start":{"line":39,"column":64},"end":{"line":39,"column":110}},"16":{"start":{"line":39,"column":13},"end":{"line":39,"column":34}}},"fnMap":{"0":{"name":"(anonymous_0)","decl":{"start":{"line":5,"column":26},"end":{"line":5,"column":29}},"loc":{"start":{"line":5,"column":31},"end":{"line":8,"column":1}}},"1":{"name":"(anonymous_1)","decl":{"start":{"line":14,"column":26},"end":{"line":14,"column":29}},"loc":{"start":{"line":14,"column":31},"end":{"line":17,"column":1}}},"2":{"name":"(anonymous_2)","decl":{"start":{"line":23,"column":30},"end":{"line":23,"column":33}},"loc":{"start":{"line":23,"column":36},"end":{"line":23,"column":69}}},"3":{"name":"(anonymous_3)","decl":{"start":{"line":31,"column":28},"end":{"line":31,"column":29}},"loc":{"start":{"line":31,"column":59},"end":{"line":31,"column":92}}},"4":{"name":"(anonymous_4)","decl":{"start":{"line":39,"column":34},"end":{"line":39,"column":35}},"loc":{"start":{"line":39,"column":64},"end":{"line":39,"column":110}}}},"branchMap":{},"s":{"0":1,"1":0,"2":0,"3":1,"4":1,"5":0,"6":0,"7":1,"8":1,"9":0,"10":1,"11":1,"12":60,"13":1,"14":1,"15":30,"16":1},"f":{"0":0,"1":0,"2":0,"3":60,"4":30},"b":{}}
,"C:\\Users\\suey\\Desktop\\rapid\\apps\\app\\desktop-node\\src\\core\\request\\index.ts": {"path":"C:\\Users\\suey\\Desktop\\rapid\\apps\\app\\desktop-node\\src\\core\\request\\index.ts","statementMap":{"0":{"start":{"line":6,"column":0},"end":{"line":6,"column":49}},"1":{"start":{"line":7,"column":0},"end":{"line":7,"column":64}},"2":{"start":{"line":9,"column":13},"end":{"line":9,"column":46}},"3":{"start":{"line":13,"column":13},"end":{"line":13,"column":49}},"4":{"start":{"line":15,"column":13},"end":{"line":15,"column":55}}},"fnMap":{},"branchMap":{},"s":{"0":1,"1":1,"2":1,"3":1,"4":1},"f":{},"b":{}}
,"C:\\Users\\suey\\Desktop\\rapid\\packages\\config\\constants\\index.ts": {"path":"C:\\Users\\suey\\Desktop\\rapid\\packages\\config\\constants\\index.ts","statementMap":{"0":{"start":{"line":6,"column":0},"end":{"line":6,"column":9}},"1":{"start":{"line":17,"column":9},"end":{"line":6,"column":20}},"2":{"start":{"line":17,"column":20},"end":{"line":6,"column":56}},"3":{"start":{"line":9,"column":0},"end":{"line":9,"column":9}},"4":{"start":{"line":9,"column":9},"end":{"line":9,"column":49}},"5":{"start":{"line":11,"column":0},"end":{"line":11,"column":25}},"6":{"start":{"line":15,"column":0},"end":{"line":15,"column":25}},"7":{"start":{"line":20,"column":13},"end":{"line":20,"column":76}},"8":{"start":{"line":21,"column":13},"end":{"line":21,"column":68}},"9":{"start":{"line":22,"column":13},"end":{"line":22,"column":72}},"10":{"start":{"line":24,"column":13},"end":{"line":24,"column":68}},"11":{"start":{"line":27,"column":13},"end":{"line":27,"column":57}},"12":{"start":{"line":28,"column":13},"end":{"line":28,"column":59}},"13":{"start":{"line":31,"column":13},"end":{"line":47,"column":11}},"14":{"start":{"line":50,"column":0},"end":{"line":50,"column":null}},"15":{"start":{"line":51,"column":2},"end":{"line":51,"column":null}},"16":{"start":{"line":52,"column":2},"end":{"line":52,"column":null}},"17":{"start":{"line":53,"column":2},"end":{"line":53,"column":null}}},"fnMap":{"0":{"name":"(anonymous_4)","decl":{"start":{"line":17,"column":9},"end":{"line":17,"column":18}},"loc":{"start":{"line":17,"column":9},"end":{"line":6,"column":20}}},"1":{"name":"(anonymous_5)","decl":{"start":{"line":17,"column":20},"end":{"line":17,"column":23}},"loc":{"start":{"line":17,"column":20},"end":{"line":6,"column":56}}},"2":{"name":"(anonymous_6)","decl":{"start":{"line":9,"column":9},"end":{"line":9,"column":26}},"loc":{"start":{"line":9,"column":9},"end":{"line":9,"column":49}}},"3":{"name":"(anonymous_7)","decl":{"start":{"line":50,"column":0},"end":{"line":50,"column":12}},"loc":{"start":{"line":50,"column":30},"end":{"line":54,"column":1}}}},"branchMap":{"0":{"loc":{"start":{"line":50,"column":12},"end":{"line":50,"column":null}},"type":"binary-expr","locations":[{"start":{"line":50,"column":12},"end":{"line":50,"column":30}},{"start":{"line":50,"column":30},"end":{"line":50,"column":null}}]}},"s":{"0":1,"1":1,"2":1,"3":1,"4":1,"5":1,"6":1,"7":1,"8":1,"9":1,"10":1,"11":1,"12":1,"13":1,"14":1,"15":1,"16":1,"17":1},"f":{"0":0,"1":0,"2":0,"3":1},"b":{"0":[1,1]}}
,"C:\\Users\\suey\\Desktop\\rapid\\packages\\libs-web\\common\\common.ts": {"path":"C:\\Users\\suey\\Desktop\\rapid\\packages\\libs-web\\common\\common.ts","statementMap":{"0":{"start":{"line":22,"column":32},"end":{"line":44,"column":1}},"1":{"start":{"line":23,"column":34},"end":{"line":23,"column":36}},"2":{"start":{"line":25,"column":2},"end":{"line":41,"column":5}},"3":{"start":{"line":26,"column":4},"end":{"line":26,"column":21}},"4":{"start":{"line":26,"column":14},"end":{"line":26,"column":21}},"5":{"start":{"line":27,"column":4},"end":{"line":30,"column":5}},"6":{"start":{"line":28,"column":6},"end":{"line":28,"column":30}},"7":{"start":{"line":29,"column":6},"end":{"line":29,"column":13}},"8":{"start":{"line":31,"column":4},"end":{"line":33,"column":5}},"9":{"start":{"line":32,"column":6},"end":{"line":32,"column":13}},"10":{"start":{"line":34,"column":4},"end":{"line":36,"column":5}},"11":{"start":{"line":35,"column":6},"end":{"line":35,"column":13}},"12":{"start":{"line":38,"column":4},"end":{"line":40,"column":5}},"13":{"start":{"line":39,"column":6},"end":{"line":39,"column":44}},"14":{"start":{"line":39,"column":20},"end":{"line":39,"column":44}},"15":{"start":{"line":43,"column":2},"end":{"line":43,"column":33}},"16":{"start":{"line":22,"column":13},"end":{"line":22,"column":32}}},"fnMap":{"0":{"name":"(anonymous_0)","decl":{"start":{"line":22,"column":32},"end":{"line":22,"column":33}},"loc":{"start":{"line":22,"column":125},"end":{"line":44,"column":1}}},"1":{"name":"(anonymous_1)","decl":{"start":{"line":25,"column":15},"end":{"line":25,"column":18}},"loc":{"start":{"line":25,"column":21},"end":{"line":41,"column":3}}}},"branchMap":{"0":{"loc":{"start":{"line":26,"column":4},"end":{"line":26,"column":21}},"type":"if","locations":[{"start":{"line":26,"column":4},"end":{"line":26,"column":21}}]},"1":{"loc":{"start":{"line":27,"column":4},"end":{"line":30,"column":5}},"type":"if","locations":[{"start":{"line":27,"column":4},"end":{"line":30,"column":5}}]},"2":{"loc":{"start":{"line":31,"column":4},"end":{"line":33,"column":5}},"type":"if","locations":[{"start":{"line":31,"column":4},"end":{"line":33,"column":5}}]},"3":{"loc":{"start":{"line":34,"column":4},"end":{"line":36,"column":5}},"type":"if","locations":[{"start":{"line":34,"column":4},"end":{"line":36,"column":5}}]},"4":{"loc":{"start":{"line":39,"column":6},"end":{"line":39,"column":44}},"type":"if","locations":[{"start":{"line":39,"column":6},"end":{"line":39,"column":44}}]}},"s":{"0":1,"1":10,"2":10,"3":28,"4":5,"5":23,"6":20,"7":20,"8":3,"9":2,"10":1,"11":0,"12":1,"13":2,"14":1,"15":10,"16":1},"f":{"0":10,"1":28},"b":{"0":[5],"1":[20],"2":[2],"3":[0],"4":[1]}}
}
