TN:
SF:apps\app\desktop-node\src\core\common\common.ts
FN:5,(anonymous_0)
FN:14,(anonymous_1)
FN:23,(anonymous_2)
FN:31,(anonymous_3)
FN:39,(anonymous_4)
FNF:5
FNH:2
FNDA:0,(anonymous_0)
FNDA:0,(anonymous_1)
FNDA:0,(anonymous_2)
FNDA:60,(anonymous_3)
FNDA:30,(anonymous_4)
DA:5,1
DA:6,0
DA:7,0
DA:14,1
DA:15,0
DA:16,0
DA:23,1
DA:31,60
DA:39,30
LF:9
LH:5
BRF:0
BRH:0
end_of_record
TN:
SF:apps\app\desktop-node\src\core\request\index.ts
FNF:0
FNH:0
DA:6,1
DA:7,1
DA:9,1
DA:13,1
DA:15,1
LF:5
LH:5
BRF:0
BRH:0
end_of_record
TN:
SF:packages\config\constants\index.ts
FN:17,(anonymous_4)
FN:17,(anonymous_5)
FN:9,(anonymous_6)
FN:50,(anonymous_7)
FNF:4
FNH:1
FNDA:0,(anonymous_4)
FNDA:0,(anonymous_5)
FNDA:0,(anonymous_6)
FNDA:1,(anonymous_7)
DA:6,1
DA:9,1
DA:11,1
DA:15,1
DA:17,1
DA:20,1
DA:21,1
DA:22,1
DA:24,1
DA:27,1
DA:28,1
DA:31,1
DA:50,1
DA:51,1
DA:52,1
DA:53,1
LF:16
LH:16
BRDA:50,0,0,1
BRDA:50,0,1,1
BRF:2
BRH:2
end_of_record
TN:
SF:packages\libs-web\common\common.ts
FN:22,(anonymous_0)
FN:25,(anonymous_1)
FNF:2
FNH:2
FNDA:10,(anonymous_0)
FNDA:28,(anonymous_1)
DA:22,1
DA:23,10
DA:25,10
DA:26,28
DA:27,23
DA:28,20
DA:29,20
DA:31,3
DA:32,2
DA:34,1
DA:35,0
DA:38,1
DA:39,2
DA:43,10
LF:14
LH:13
BRDA:26,0,0,5
BRDA:27,1,0,20
BRDA:31,2,0,2
BRDA:34,3,0,0
BRDA:39,4,0,1
BRF:5
BRH:4
end_of_record
